c:\seneca\oop244\oop-project\oop-project\ms5\ms5\x64\debug\vc143.pdb
c:\seneca\oop244\oop-project\oop-project\ms5\ms5\x64\debug\vc143.idb
c:\seneca\oop244\oop-project\oop-project\ms5\ms5\x64\debug\utils.obj
c:\seneca\oop244\oop-project\oop-project\ms5\ms5\x64\debug\streamable.obj
c:\seneca\oop244\oop-project\oop-project\ms5\ms5\x64\debug\publicationselector.obj
c:\seneca\oop244\oop-project\oop-project\ms5\ms5\x64\debug\publication.obj
c:\seneca\oop244\oop-project\oop-project\ms5\ms5\x64\debug\menu.obj
c:\seneca\oop244\oop-project\oop-project\ms5\ms5\x64\debug\libappmain.obj
c:\seneca\oop244\oop-project\oop-project\ms5\ms5\x64\debug\libapp.obj
c:\seneca\oop244\oop-project\oop-project\ms5\ms5\x64\debug\date.obj
c:\seneca\oop244\oop-project\oop-project\ms5\ms5\x64\debug\book.obj
c:\seneca\oop244\oop-project\oop-project\ms5\ms5\x64\debug\ms5.exe
c:\seneca\oop244\oop-project\oop-project\ms5\ms5\x64\debug\ms5.ilk
c:\seneca\oop244\oop-project\oop-project\ms5\ms5\x64\debug\ms5.pdb
c:\seneca\oop244\oop-project\oop-project\ms5\ms5\x64\debug\ms5.tlog\cl.command.1.tlog
c:\seneca\oop244\oop-project\oop-project\ms5\ms5\x64\debug\ms5.tlog\cl.read.1.tlog
c:\seneca\oop244\oop-project\oop-project\ms5\ms5\x64\debug\ms5.tlog\cl.write.1.tlog
c:\seneca\oop244\oop-project\oop-project\ms5\ms5\x64\debug\ms5.tlog\link.command.1.tlog
c:\seneca\oop244\oop-project\oop-project\ms5\ms5\x64\debug\ms5.tlog\link.read.1.tlog
c:\seneca\oop244\oop-project\oop-project\ms5\ms5\x64\debug\ms5.tlog\link.write.1.tlog
